<?xml version="1.0" encoding="UTF-8"?>
<!-- Generated by org.testng.reporters.JUnitXMLReporter -->
<testsuite ignored="0" hostname="DESKTOP-HIOUSGQ" failures="0" tests="3" name="Default test" time="13.968" errors="0" timestamp="2025-04-21T22:26:05 EET">
  <testcase classname="codenboxautomationlab1.codenboxautomationlab1.AppTest" name="RadioButton" time="0.207"/>
  <testcase classname="codenboxautomationlab1.codenboxautomationlab1.AppTest" name="Dynamic_Dropdown" time="2.204"/>
  <testcase classname="codenboxautomationlab1.codenboxautomationlab1.AppTest" name="Static_Dropdown" time="1.271"/>
</testsuite> <!-- Default test -->
