<?xml version="1.0" encoding="UTF-8"?>
<testng-results ignored="0" total="3" passed="3" failed="0" skipped="0">
  <reporter-output>
  </reporter-output>
  <suite started-at="2025-04-21T22:25:51 EET" name="Default suite" finished-at="2025-04-21T22:26:05 EET" duration-ms="13968">
    <groups>
    </groups>
    <test started-at="2025-04-21T22:25:51 EET" name="Default test" finished-at="2025-04-21T22:26:05 EET" duration-ms="13968">
      <class name="codenboxautomationlab1.codenboxautomationlab1.AppTest">
        <test-method is-config="true" signature="mySetup()[pri:0, instance:codenboxautomationlab1.codenboxautomationlab1.AppTest@299321e2]" started-at="2025-04-21T22:25:51 EET" name="mySetup" finished-at="2025-04-21T22:26:02 EET" duration-ms="10220" status="PASS">
          <reporter-output>
          </reporter-output>
        </test-method> <!-- mySetup -->
        <test-method signature="RadioButton()[pri:1, instance:codenboxautomationlab1.codenboxautomationlab1.AppTest@299321e2]" started-at="2025-04-21T22:26:02 EET" name="RadioButton" finished-at="2025-04-21T22:26:02 EET" duration-ms="207" status="PASS">
          <reporter-output>
          </reporter-output>
        </test-method> <!-- RadioButton -->
        <test-method signature="Dynamic_Dropdown()[pri:2, instance:codenboxautomationlab1.codenboxautomationlab1.AppTest@299321e2]" started-at="2025-04-21T22:26:02 EET" name="Dynamic_Dropdown" finished-at="2025-04-21T22:26:04 EET" duration-ms="2204" status="PASS">
          <reporter-output>
          </reporter-output>
        </test-method> <!-- Dynamic_Dropdown -->
        <test-method signature="Static_Dropdown()[pri:3, instance:codenboxautomationlab1.codenboxautomationlab1.AppTest@299321e2]" started-at="2025-04-21T22:26:04 EET" name="Static_Dropdown" finished-at="2025-04-21T22:26:05 EET" duration-ms="1271" status="PASS">
          <reporter-output>
          </reporter-output>
        </test-method> <!-- Static_Dropdown -->
      </class> <!-- codenboxautomationlab1.codenboxautomationlab1.AppTest -->
    </test> <!-- Default test -->
  </suite> <!-- Default suite -->
</testng-results>
